12:31:27.512 [main]INFO  SimpleLog4jDemo.class - INFO
12:31:27.558 [main]DEBUG SimpleLog4jDemo.class - DEBUG
12:31:27.559 [main]WARN  SimpleLog4jDemo.class - WARNING
12:31:27.560 [main]ERROR SimpleLog4jDemo.class - ERROR
12:31:27.561 [main]FATAL SimpleLog4jDemo.class - FATAL
12:32:56.764 [TestNG-test=Test-2]INFO  SimpleLog4jDemo.class - Test case started -- coming from log4j
12:32:57.280 [TestNG-test=Test-1]INFO  SimpleLog4jDemo.class - Test case started  -- coming from log4j
12:32:59.136 [TestNG-test=Test-2]INFO  SimpleLog4jDemo.class - Test case ended  -- coming from log4j
12:33:01.256 [TestNG-test=Test-1]INFO  SimpleLog4jDemo.class - Test case ended  -- coming from log4j
19:35:48.053 [TestNG-test=Test-2]INFO  SimpleLog4jDemo.class - Test case started -- coming from log4j
19:35:48.246 [TestNG-test=Test-1]INFO  SimpleLog4jDemo.class - Test case started  -- coming from log4j
19:36:11.849 [TestNG-test=Test-1]INFO  SimpleLog4jDemo.class - Test case ended  -- coming from log4j
19:39:20.259 [TestNG-test=Test-2]INFO  SimpleLog4jDemo.class - Test case started -- coming from log4j
19:39:24.161 [TestNG-test=Test-2]INFO  SimpleLog4jDemo.class - Test case ended  -- coming from log4j
20:00:19.011 [TestNG-test=Test-2]INFO  SimpleLog4jDemo.class - Test case started -- coming from log4j
20:00:19.291 [TestNG-test=Test-1]INFO  SimpleLog4jDemo.class - Test case started  -- coming from log4j
20:00:31.316 [TestNG-test=Test-2]INFO  SimpleLog4jDemo.class - Test case ended  -- coming from log4j
20:00:31.899 [TestNG-test=Test-1]INFO  SimpleLog4jDemo.class - Test case ended  -- coming from log4j
07:50:29.598 [TestNG-test=Test-2]INFO  SimpleLog4jDemo.class - Test case started -- coming from log4j
07:50:29.906 [TestNG-test=Test-1]INFO  SimpleLog4jDemo.class - Test case started  -- coming from log4j
07:50:32.002 [TestNG-test=Test-2]INFO  SimpleLog4jDemo.class - Test case ended  -- coming from log4j
07:50:32.407 [TestNG-test=Test-1]INFO  SimpleLog4jDemo.class - Test case ended  -- coming from log4j
07:51:13.910 [TestNG-test=Test-2]INFO  SimpleLog4jDemo.class - Test case started -- coming from log4j
07:51:14.304 [TestNG-test=Test-1]INFO  SimpleLog4jDemo.class - Test case started  -- coming from log4j
07:51:17.243 [TestNG-test=Test-2]INFO  SimpleLog4jDemo.class - Test case ended  -- coming from log4j
07:51:18.213 [TestNG-test=Test-1]INFO  SimpleLog4jDemo.class - Test case ended  -- coming from log4j
07:52:14.058 [TestNG-test=Test-1]INFO  SimpleLog4jDemo.class - Test case started  -- coming from log4j
07:52:14.353 [TestNG-test=Test-2]INFO  SimpleLog4jDemo.class - Test case started -- coming from log4j
07:52:17.112 [TestNG-test=Test-1]INFO  SimpleLog4jDemo.class - Test case ended  -- coming from log4j
07:52:17.491 [TestNG-test=Test-2]INFO  SimpleLog4jDemo.class - Test case ended  -- coming from log4j
07:53:05.932 [TestNG-test=Test-2]INFO  SimpleLog4jDemo.class - Test case started -- coming from log4j
07:53:05.954 [TestNG-test=Test-1]INFO  SimpleLog4jDemo.class - Test case started  -- coming from log4j
07:53:13.803 [TestNG-test=Test-2]INFO  SimpleLog4jDemo.class - Test case ended  -- coming from log4j
07:53:15.101 [TestNG-test=Test-1]INFO  SimpleLog4jDemo.class - Test case ended  -- coming from log4j
10:56:56.928 [TestNG-test=FirefoxTests-1]INFO  SimpleLog4jDemo.class - Test case started  -- coming from log4j
10:56:57.344 [TestNG-test=FirefoxTests-2]INFO  SimpleLog4jDemo.class - Test case started -- coming from log4j
10:56:59.131 [TestNG-test=FirefoxTests-1]INFO  SimpleLog4jDemo.class - Test case ended  -- coming from log4j
10:56:59.967 [TestNG-test=FirefoxTests-2]INFO  SimpleLog4jDemo.class - Test case ended  -- coming from log4j
10:58:06.468 [TestNG-test=FirefoxTests-1]INFO  SimpleLog4jDemo.class - Test case started  -- coming from log4j
10:58:07.218 [TestNG-test=FirefoxTests-2]INFO  SimpleLog4jDemo.class - Test case started -- coming from log4j
10:58:08.686 [TestNG-test=FirefoxTests-1]INFO  SimpleLog4jDemo.class - Test case ended  -- coming from log4j
10:58:09.438 [TestNG-test=FirefoxTests-2]INFO  SimpleLog4jDemo.class - Test case ended  -- coming from log4j
10:59:36.771 [TestNG-tests-2]INFO  SimpleLog4jDemo.class - Test case started  -- coming from log4j
10:59:39.855 [TestNG-tests-2]INFO  SimpleLog4jDemo.class - Test case ended  -- coming from log4j
10:59:45.363 [TestNG-tests-2]INFO  SimpleLog4jDemo.class - Test case started -- coming from log4j
10:59:47.212 [TestNG-tests-2]INFO  SimpleLog4jDemo.class - Test case ended  -- coming from log4j
11:00:45.907 [TestNG-tests-2]INFO  SimpleLog4jDemo.class - Test case started  -- coming from log4j
11:00:47.718 [TestNG-tests-2]INFO  SimpleLog4jDemo.class - Test case ended  -- coming from log4j
11:00:52.596 [TestNG-tests-2]INFO  SimpleLog4jDemo.class - Test case started -- coming from log4j
11:00:54.323 [TestNG-tests-2]INFO  SimpleLog4jDemo.class - Test case ended  -- coming from log4j
11:01:27.182 [TestNG-test=FirefoxTests-1]INFO  SimpleLog4jDemo.class - Test case started  -- coming from log4j
11:01:27.999 [TestNG-test=FirefoxTests-2]INFO  SimpleLog4jDemo.class - Test case started -- coming from log4j
11:01:29.377 [TestNG-test=FirefoxTests-1]INFO  SimpleLog4jDemo.class - Test case ended  -- coming from log4j
11:01:30.231 [TestNG-test=FirefoxTests-2]INFO  SimpleLog4jDemo.class - Test case ended  -- coming from log4j
11:03:45.209 [TestNG-tests-2]INFO  SimpleLog4jDemo.class - Test case started  -- coming from log4j
11:03:46.929 [TestNG-tests-2]INFO  SimpleLog4jDemo.class - Test case ended  -- coming from log4j
11:03:52.040 [TestNG-tests-2]INFO  SimpleLog4jDemo.class - Test case started -- coming from log4j
11:03:53.697 [TestNG-tests-2]INFO  SimpleLog4jDemo.class - Test case ended  -- coming from log4j
11:04:50.350 [TestNG-test=FirefoxTests-1]INFO  SimpleLog4jDemo.class - Test case started  -- coming from log4j
11:04:52.014 [TestNG-test=FirefoxTests-1]INFO  SimpleLog4jDemo.class - Test case ended  -- coming from log4j
11:04:57.093 [TestNG-test=FirefoxTests-1]INFO  SimpleLog4jDemo.class - Test case started -- coming from log4j
11:04:58.695 [TestNG-test=FirefoxTests-1]INFO  SimpleLog4jDemo.class - Test case ended  -- coming from log4j
11:06:31.275 [TestNG-test=FirefoxTests-1]INFO  SimpleLog4jDemo.class - Test case started  -- coming from log4j
11:06:31.761 [TestNG-test=FirefoxTests-2]INFO  SimpleLog4jDemo.class - Test case started -- coming from log4j
11:06:33.682 [TestNG-test=FirefoxTests-1]INFO  SimpleLog4jDemo.class - Test case ended  -- coming from log4j
11:06:34.223 [TestNG-test=FirefoxTests-2]INFO  SimpleLog4jDemo.class - Test case ended  -- coming from log4j
11:07:11.042 [TestNG-tests-2]INFO  SimpleLog4jDemo.class - Test case started  -- coming from log4j
11:07:14.182 [TestNG-tests-2]INFO  SimpleLog4jDemo.class - Test case ended  -- coming from log4j
11:07:19.907 [TestNG-tests-2]INFO  SimpleLog4jDemo.class - Test case started -- coming from log4j
11:07:21.654 [TestNG-tests-2]INFO  SimpleLog4jDemo.class - Test case ended  -- coming from log4j
11:10:41.130 [TestNG-tests-2]INFO  SimpleLog4jDemo.class - Test case started  -- coming from log4j
11:10:44.471 [TestNG-tests-2]INFO  SimpleLog4jDemo.class - Test case ended  -- coming from log4j
11:10:46.872 [TestNG-tests-3]INFO  SimpleLog4jDemo.class - Test case started  -- coming from log4j
11:10:49.137 [TestNG-tests-3]INFO  SimpleLog4jDemo.class - Test case ended  -- coming from log4j
11:10:53.217 [TestNG-tests-3]INFO  SimpleLog4jDemo.class - Test case started -- coming from log4j
11:10:55.395 [TestNG-tests-3]INFO  SimpleLog4jDemo.class - Test case ended  -- coming from log4j
11:10:56.881 [TestNG-tests-2]INFO  SimpleLog4jDemo.class - Test case started -- coming from log4j
11:10:58.751 [TestNG-tests-2]INFO  SimpleLog4jDemo.class - Test case ended  -- coming from log4j
11:11:28.536 [TestNG-tests-3]INFO  SimpleLog4jDemo.class - Test case started  -- coming from log4j
11:11:36.358 [TestNG-tests-2]INFO  SimpleLog4jDemo.class - Test case started  -- coming from log4j
11:11:39.786 [TestNG-tests-3]INFO  SimpleLog4jDemo.class - Test case ended  -- coming from log4j
11:11:40.830 [TestNG-tests-2]INFO  SimpleLog4jDemo.class - Test case ended  -- coming from log4j
11:11:46.630 [TestNG-tests-3]INFO  SimpleLog4jDemo.class - Test case started -- coming from log4j
11:11:48.337 [TestNG-tests-3]INFO  SimpleLog4jDemo.class - Test case ended  -- coming from log4j
11:11:48.977 [TestNG-tests-2]INFO  SimpleLog4jDemo.class - Test case started -- coming from log4j
11:11:50.746 [TestNG-tests-2]INFO  SimpleLog4jDemo.class - Test case ended  -- coming from log4j
11:29:23.776 [TestNG-tests-3]INFO  SimpleLog4jDemo.class - Test case started  -- coming from log4j
11:29:29.226 [TestNG-tests-3]INFO  SimpleLog4jDemo.class - Test case ended  -- coming from log4j
11:29:33.458 [TestNG-tests-2]INFO  SimpleLog4jDemo.class - Test case started  -- coming from log4j
11:29:35.273 [TestNG-tests-2]INFO  SimpleLog4jDemo.class - Test case ended  -- coming from log4j
11:30:26.160 [TestNG-tests-3]INFO  SimpleLog4jDemo.class - Test case started -- coming from log4j
11:30:27.682 [TestNG-tests-3]INFO  SimpleLog4jDemo.class - Test case ended  -- coming from log4j
11:30:32.631 [TestNG-tests-2]INFO  SimpleLog4jDemo.class - Test case started -- coming from log4j
11:30:34.304 [TestNG-tests-2]INFO  SimpleLog4jDemo.class - Test case ended  -- coming from log4j
12:08:48.697 [TestNG-test=Test-2]INFO  SimpleLog4jDemo.class - Test case started -- coming from log4j
12:08:48.896 [TestNG-test=Test-1]INFO  SimpleLog4jDemo.class - Test case started  -- coming from log4j
12:08:55.086 [TestNG-test=Test-2]INFO  SimpleLog4jDemo.class - Test case ended  -- coming from log4j
12:08:58.625 [TestNG-test=Test-1]INFO  SimpleLog4jDemo.class - Test case ended  -- coming from log4j
18:21:00.925 [TestNG-test=Test-1]INFO  SimpleLog4jDemo.class - Test case started  -- coming from log4j
18:21:01.006 [TestNG-test=Test-2]INFO  SimpleLog4jDemo.class - Test case started -- coming from log4j
18:21:35.632 [TestNG-test=Test-2]INFO  SimpleLog4jDemo.class - Test case ended  -- coming from log4j
18:22:08.842 [TestNG-test=Test-1]INFO  SimpleLog4jDemo.class - Test case ended  -- coming from log4j
18:40:52.164 [TestNG-test=Test-1]INFO  SimpleLog4jDemo.class - Test case started  -- coming from log4j
18:40:53.061 [TestNG-test=Test-2]INFO  SimpleLog4jDemo.class - Test case started -- coming from log4j
18:41:03.032 [TestNG-test=Test-2]INFO  SimpleLog4jDemo.class - Test case ended  -- coming from log4j
18:41:03.173 [TestNG-test=Test-1]INFO  SimpleLog4jDemo.class - Test case ended  -- coming from log4j
19:25:44.147 [TestNG-test=Test-1]INFO  SimpleLog4jDemo.class - Test case started  -- coming from log4j
19:25:44.478 [TestNG-test=Test-2]INFO  SimpleLog4jDemo.class - Test case started -- coming from log4j
19:25:50.767 [TestNG-test=Test-1]INFO  SimpleLog4jDemo.class - Test case ended  -- coming from log4j
19:25:52.510 [TestNG-test=Test-2]INFO  SimpleLog4jDemo.class - Test case ended  -- coming from log4j
19:27:22.074 [TestNG-test=Test-2]INFO  SimpleLog4jDemo.class - Test case started -- coming from log4j
19:27:22.731 [TestNG-test=Test-1]INFO  SimpleLog4jDemo.class - Test case started  -- coming from log4j
19:27:24.809 [TestNG-test=Test-2]INFO  SimpleLog4jDemo.class - Test case ended  -- coming from log4j
19:27:25.396 [TestNG-test=Test-1]INFO  SimpleLog4jDemo.class - Test case ended  -- coming from log4j
13:49:01.364 [TestNG-test=Test-1]INFO  SimpleLog4jDemo.class - Test case started  -- coming from log4j
13:49:10.235 [TestNG-test=Test-1]INFO  SimpleLog4jDemo.class - Test case ended  -- coming from log4j
13:53:12.485 [TestNG-test=Test-2]INFO  SimpleLog4jDemo.class - Test case started -- coming from log4j
13:53:19.809 [TestNG-test=Test-1]INFO  SimpleLog4jDemo.class - Test case started  -- coming from log4j
13:53:24.219 [TestNG-test=Test-2]INFO  SimpleLog4jDemo.class - Test case ended  -- coming from log4j
13:53:25.164 [TestNG-test=Test-1]INFO  SimpleLog4jDemo.class - Test case ended  -- coming from log4j
14:13:10.843 [TestNG-test=Test-2]INFO  SimpleLog4jDemo.class - Test case started
14:13:14.607 [TestNG-test=Test-2]INFO  SimpleLog4jDemo.class - Test case ended
14:13:38.632 [TestNG-test=Test-1]INFO  SimpleLog4jDemo.class - Test case started
14:13:46.547 [TestNG-test=Test-1]INFO  SimpleLog4jDemo.class - Test case ended
16:31:37.104 [TestNG-test=Test-2]INFO  SimpleLog4jDemo.class - Test case started
16:31:39.693 [TestNG-test=Test-2]INFO  SimpleLog4jDemo.class - Test case ended
16:32:00.066 [TestNG-test=Test-1]INFO  SimpleLog4jDemo.class - Test case started
16:32:04.870 [TestNG-test=Test-1]INFO  SimpleLog4jDemo.class - Test case ended
16:33:02.449 [TestNG-test=Test-1]INFO  SimpleLog4jDemo.class - Test case started
16:33:03.333 [TestNG-test=Test-2]INFO  SimpleLog4jDemo.class - Test case started
16:33:06.883 [TestNG-test=Test-1]INFO  SimpleLog4jDemo.class - Test case ended
16:33:07.261 [TestNG-test=Test-2]INFO  SimpleLog4jDemo.class - Test case ended
16:43:54.219 [TestNG-tests-3]INFO  SimpleLog4jDemo.class - Test case started
16:43:54.219 [TestNG-tests-2]INFO  SimpleLog4jDemo.class - Test case started
16:44:06.175 [TestNG-tests-3]INFO  SimpleLog4jDemo.class - Test case ended
16:44:08.065 [TestNG-tests-2]INFO  SimpleLog4jDemo.class - Test case ended
16:44:12.071 [TestNG-tests-3]INFO  SimpleLog4jDemo.class - Test case started
16:44:12.115 [TestNG-tests-2]INFO  SimpleLog4jDemo.class - Test case started
16:44:13.843 [TestNG-tests-3]INFO  SimpleLog4jDemo.class - Test case ended
16:44:14.191 [TestNG-tests-2]INFO  SimpleLog4jDemo.class - Test case ended
16:45:50.569 [TestNG-tests-3]INFO  SimpleLog4jDemo.class - Test case started
16:45:51.015 [TestNG-tests-2]INFO  SimpleLog4jDemo.class - Test case started
16:45:55.844 [TestNG-tests-3]INFO  SimpleLog4jDemo.class - Test case ended
16:45:57.556 [TestNG-tests-2]INFO  SimpleLog4jDemo.class - Test case ended
16:46:19.678 [TestNG-tests-3]INFO  SimpleLog4jDemo.class - Test case started
16:46:20.512 [TestNG-tests-2]INFO  SimpleLog4jDemo.class - Test case started
16:46:22.896 [TestNG-tests-3]INFO  SimpleLog4jDemo.class - Test case ended
16:46:23.230 [TestNG-tests-2]INFO  SimpleLog4jDemo.class - Test case ended
17:04:34.495 [TestNG-tests-2]INFO  SimpleLog4jDemo.class - Test case started
17:04:36.550 [TestNG-tests-3]INFO  SimpleLog4jDemo.class - Test case started
17:04:39.005 [TestNG-tests-3]INFO  SimpleLog4jDemo.class - Test case ended
17:04:39.401 [TestNG-tests-2]INFO  SimpleLog4jDemo.class - Test case ended
17:04:44.487 [TestNG-tests-3]INFO  SimpleLog4jDemo.class - Test case started
17:04:46.232 [TestNG-tests-3]INFO  SimpleLog4jDemo.class - Test case ended
17:04:47.779 [TestNG-tests-2]INFO  SimpleLog4jDemo.class - Test case started
17:04:49.357 [TestNG-tests-2]INFO  SimpleLog4jDemo.class - Test case ended
17:05:50.694 [TestNG-tests-3]INFO  SimpleLog4jDemo.class - Test case started
17:05:52.365 [TestNG-tests-3]INFO  SimpleLog4jDemo.class - Test case ended
17:05:57.896 [TestNG-tests-3]INFO  SimpleLog4jDemo.class - Test case started
17:05:59.852 [TestNG-tests-3]INFO  SimpleLog4jDemo.class - Test case ended
17:06:33.356 [TestNG-tests-2]INFO  SimpleLog4jDemo.class - Test case started
17:06:35.337 [TestNG-tests-2]INFO  SimpleLog4jDemo.class - Test case ended
17:06:46.252 [TestNG-tests-2]INFO  SimpleLog4jDemo.class - Test case started
17:06:48.122 [TestNG-tests-2]INFO  SimpleLog4jDemo.class - Test case ended
17:08:38.091 [TestNG-tests-3]INFO  SimpleLog4jDemo.class - Test case started
17:08:39.656 [TestNG-tests-3]INFO  SimpleLog4jDemo.class - Test case ended
17:08:44.461 [TestNG-tests-2]INFO  SimpleLog4jDemo.class - Test case started
17:08:46.363 [TestNG-tests-2]INFO  SimpleLog4jDemo.class - Test case ended
17:08:52.450 [TestNG-tests-3]INFO  SimpleLog4jDemo.class - Test case started
17:08:54.494 [TestNG-tests-3]INFO  SimpleLog4jDemo.class - Test case ended
17:09:00.266 [TestNG-tests-2]INFO  SimpleLog4jDemo.class - Test case started
17:09:02.265 [TestNG-tests-2]INFO  SimpleLog4jDemo.class - Test case ended
17:27:15.538 [TestNG-tests-2]INFO  SimpleLog4jDemo.class - Test case started
17:27:18.871 [TestNG-tests-2]INFO  SimpleLog4jDemo.class - Test case ended
17:27:37.560 [TestNG-tests-2]INFO  SimpleLog4jDemo.class - Test case started
17:27:40.395 [TestNG-tests-2]INFO  SimpleLog4jDemo.class - Test case ended
19:51:11.440 [TestNG-tests-2]INFO  SimpleLog4jDemo.class - Test case started
19:51:16.335 [TestNG-tests-2]INFO  SimpleLog4jDemo.class - Test case ended
19:51:28.085 [TestNG-tests-2]INFO  SimpleLog4jDemo.class - Test case started
19:51:30.276 [TestNG-tests-2]INFO  SimpleLog4jDemo.class - Test case ended
20:16:52.528 [TestNG-tests-2]INFO  SimpleLog4jDemo.class - Test case started
20:16:58.185 [TestNG-tests-2]INFO  SimpleLog4jDemo.class - Test case ended
20:17:08.437 [TestNG-tests-2]INFO  SimpleLog4jDemo.class - Test case started
20:17:10.935 [TestNG-tests-2]INFO  SimpleLog4jDemo.class - Test case ended
20:52:11.622 [TestNG-tests-2]INFO  SimpleLog4jDemo.class - Test case started
20:52:15.600 [TestNG-tests-2]INFO  SimpleLog4jDemo.class - Test case ended
20:52:25.611 [TestNG-tests-2]INFO  SimpleLog4jDemo.class - Test case started
20:52:29.030 [TestNG-tests-2]INFO  SimpleLog4jDemo.class - Test case ended
20:53:19.293 [TestNG-tests-2]INFO  SimpleLog4jDemo.class - Test case started
20:53:29.179 [TestNG-tests-2]INFO  SimpleLog4jDemo.class - Test case ended
20:53:38.200 [TestNG-tests-3]INFO  SimpleLog4jDemo.class - Test case started
20:53:45.176 [TestNG-tests-3]INFO  SimpleLog4jDemo.class - Test case ended
20:53:48.170 [TestNG-tests-2]INFO  SimpleLog4jDemo.class - Test case started
20:53:51.599 [TestNG-tests-2]INFO  SimpleLog4jDemo.class - Test case ended
20:53:51.764 [TestNG-tests-3]INFO  SimpleLog4jDemo.class - Test case started
20:53:54.818 [TestNG-tests-3]INFO  SimpleLog4jDemo.class - Test case ended
12:54:39.422 [TestNG-tests-3]INFO  SimpleLog4jDemo.class - Test case started
12:54:44.077 [TestNG-tests-2]INFO  SimpleLog4jDemo.class - Test case started
12:54:48.939 [TestNG-tests-3]INFO  SimpleLog4jDemo.class - Test case started
12:54:54.923 [TestNG-tests-2]INFO  SimpleLog4jDemo.class - Test case started
12:55:14.833 [TestNG-tests-3]INFO  SimpleLog4jDemo.class - Test case started
12:55:30.080 [TestNG-tests-2]INFO  SimpleLog4jDemo.class - Test case started
12:56:00.294 [TestNG-tests-3]INFO  SimpleLog4jDemo.class - Test case started
12:56:03.119 [TestNG-tests-2]INFO  SimpleLog4jDemo.class - Test case started
13:00:40.465 [TestNG-tests-3]INFO  SimpleLog4jDemo.class - Test case started
13:00:44.959 [TestNG-tests-3]INFO  SimpleLog4jDemo.class - Test case ended
13:00:47.546 [TestNG-tests-2]INFO  SimpleLog4jDemo.class - Test case started
13:00:53.003 [TestNG-tests-3]INFO  SimpleLog4jDemo.class - Test case started
13:00:53.239 [TestNG-tests-2]INFO  SimpleLog4jDemo.class - Test case ended
13:00:59.259 [TestNG-tests-3]INFO  SimpleLog4jDemo.class - Test case ended
13:01:06.900 [TestNG-tests-2]INFO  SimpleLog4jDemo.class - Test case started
13:01:09.134 [TestNG-tests-2]INFO  SimpleLog4jDemo.class - Test case ended
13:02:06.974 [TestNG-tests-3]INFO  SimpleLog4jDemo.class - Test case started
13:02:11.359 [TestNG-tests-3]INFO  SimpleLog4jDemo.class - Test case ended
13:02:12.702 [TestNG-tests-2]INFO  SimpleLog4jDemo.class - Test case started
13:02:17.475 [TestNG-tests-3]INFO  SimpleLog4jDemo.class - Test case started
13:02:17.661 [TestNG-tests-2]INFO  SimpleLog4jDemo.class - Test case ended
13:02:24.159 [TestNG-tests-3]INFO  SimpleLog4jDemo.class - Test case ended
13:02:30.921 [TestNG-tests-2]INFO  SimpleLog4jDemo.class - Test case started
13:02:34.300 [TestNG-tests-2]INFO  SimpleLog4jDemo.class - Test case ended
10:47:22.670 [TestNG-tests-3]INFO  SimpleLog4jDemo.class - Test case started
10:47:24.391 [TestNG-tests-3]INFO  SimpleLog4jDemo.class - Test case ended
10:47:28.061 [TestNG-tests-3]INFO  SimpleLog4jDemo.class - Test case started
10:47:29.473 [TestNG-tests-3]INFO  SimpleLog4jDemo.class - Test case ended
14:54:28.781 [TestNG-test=Test-2]INFO  SimpleLog4jDemo.class - Test case started
14:54:28.878 [TestNG-test=Test-1]INFO  SimpleLog4jDemo.class - Test case started
14:54:30.570 [TestNG-test=Test-2]INFO  SimpleLog4jDemo.class - Test case ended
14:54:31.027 [TestNG-test=Test-1]INFO  SimpleLog4jDemo.class - Test case ended
